dqimsdk/build/intermediates/manifest_merge_blame_file/release/manifest-merger-blame-release-report.txt
1<?xml version="1.0" encoding="utf-8"?>
2<manifest xmlns:android="http://schemas.android.com/apk/res/android"
3    xmlns:tools="http://schemas.android.com/tools"
4    package="com.dq.im"
5    android:versionCode="1"
6    android:versionName="1.0" >
7
8    <uses-sdk
9        android:minSdkVersion="16"
9-->src\main\AndroidManifest.xml
10        android:targetSdkVersion="29" />
10-->src\main\AndroidManifest.xml
11
12    <uses-permission android:name="android.permission.GET_TASKS" />
12-->src\main\AndroidManifest.xml:4:5-67
12-->src\main\AndroidManifest.xml:4:22-65
13    <uses-permission android:name="android.permission.ACCESS_NETWORK_STATE" />
13-->src\main\AndroidManifest.xml:5:5-79
13-->src\main\AndroidManifest.xml:5:22-76
14
15    <permission
16        android:name="dollar_openBracket_applicationId_closeBracket.permission.MIPUSH_RECEIVE"
17        android:protectionLevel="signature" /> <!-- 这里com.xiaomi.mipushdemo改成app的包名 -->
18    <uses-permission android:name="dollar_openBracket_applicationId_closeBracket.permission.MIPUSH_RECEIVE" /> <!-- 这里com.xiaomi.mipushdemo改成app的包名 -->
19
20
21    <!-- OPPO推送 -->
22    <uses-permission android:name="com.coloros.mcs.permission.RECIEVE_MCS_MESSAGE" />
22-->src\main\AndroidManifest.xml:11:5-85
22-->src\main\AndroidManifest.xml:11:22-83
23    <uses-permission android:name="com.heytap.mcs.permission.RECIEVE_MCS_MESSAGE" />
23-->src\main\AndroidManifest.xml:12:5-84
23-->src\main\AndroidManifest.xml:12:22-82
24
25    <application>
25-->src\main\AndroidManifest.xml:13:5-147:19
26        <provider
26-->src\main\AndroidManifest.xml:14:9-17:50
27            android:name="com.dq.im.ImProvider"
27-->src\main\AndroidManifest.xml:17:13-48
28            android:authorities="dollar_openBracket_applicationId_closeBracket.IMprovider"
28-->src\main\AndroidManifest.xml:16:13-62
29            android:exported="false" />
29-->src\main\AndroidManifest.xml:15:13-37
30        <!-- 小米推送 -->
31        <service
31-->src\main\AndroidManifest.xml:19:9-22:46
32            android:name="com.xiaomi.push.service.XMPushService"
32-->src\main\AndroidManifest.xml:20:13-65
33            android:enabled="true"
33-->src\main\AndroidManifest.xml:21:13-35
34            android:process=":pushservice" />
34-->src\main\AndroidManifest.xml:22:13-43
35
36        <!-- 注：此service必须在3.0.1版本以后（包括3.0.1版本）加入 -->
37        <service
37-->src\main\AndroidManifest.xml:25:9-30:46
38            android:name="com.xiaomi.push.service.XMJobService"
38-->src\main\AndroidManifest.xml:26:13-64
39            android:enabled="true"
39-->src\main\AndroidManifest.xml:27:13-35
40            android:exported="false"
40-->src\main\AndroidManifest.xml:28:13-37
41            android:permission="android.permission.BIND_JOB_SERVICE"
41-->src\main\AndroidManifest.xml:29:13-69
42            android:process=":pushservice" />
42-->src\main\AndroidManifest.xml:30:13-43
43        <service
43-->src\main\AndroidManifest.xml:32:9-35:39
44            android:name="com.xiaomi.mipush.sdk.PushMessageHandler"
44-->src\main\AndroidManifest.xml:33:13-68
45            android:enabled="true"
45-->src\main\AndroidManifest.xml:34:13-35
46            android:exported="true" />
46-->src\main\AndroidManifest.xml:35:13-36
47
48        <!-- 注：此service必须在2.2.5版本以后（包括2.2.5版本）加入 -->
49        <service
49-->src\main\AndroidManifest.xml:38:9-40:38
50            android:name="com.xiaomi.mipush.sdk.MessageHandleService"
50-->src\main\AndroidManifest.xml:39:13-70
51            android:enabled="true" />
51-->src\main\AndroidManifest.xml:40:13-35
52
53        <receiver
53-->src\main\AndroidManifest.xml:42:9-49:20
54            android:name="com.xiaomi.push.service.receivers.NetworkStatusReceiver"
54-->src\main\AndroidManifest.xml:43:13-83
55            android:exported="true" >
55-->src\main\AndroidManifest.xml:44:13-36
56            <intent-filter>
56-->src\main\AndroidManifest.xml:45:13-48:29
57                <action android:name="android.net.conn.CONNECTIVITY_CHANGE" />
57-->src\main\AndroidManifest.xml:46:17-79
57-->src\main\AndroidManifest.xml:46:25-76
58
59                <category android:name="android.intent.category.DEFAULT" />
59-->src\main\AndroidManifest.xml:47:17-76
59-->src\main\AndroidManifest.xml:47:27-73
60            </intent-filter>
61        </receiver>
62        <receiver
62-->src\main\AndroidManifest.xml:51:9-58:20
63            android:name="com.xiaomi.push.service.receivers.PingReceiver"
63-->src\main\AndroidManifest.xml:52:13-74
64            android:exported="false"
64-->src\main\AndroidManifest.xml:53:13-37
65            android:process=":pushservice" >
65-->src\main\AndroidManifest.xml:54:13-43
66            <intent-filter>
66-->src\main\AndroidManifest.xml:55:13-57:29
67                <action android:name="com.xiaomi.push.PING_TIMER" />
67-->src\main\AndroidManifest.xml:56:17-69
67-->src\main\AndroidManifest.xml:56:25-66
68            </intent-filter>
69        </receiver>
70        <receiver
70-->src\main\AndroidManifest.xml:60:9-73:20
71            android:name="com.dq.im.third_system.MiSystemMessageReceiver"
71-->src\main\AndroidManifest.xml:62:13-65
72            android:exported="true" >
72-->src\main\AndroidManifest.xml:61:13-36
73
74            <!-- 这里com.xiaomi.mipushdemo.DemoMessageRreceiver改成app中定义的完整类名 -->
75            <intent-filter>
75-->src\main\AndroidManifest.xml:64:13-66:29
76                <action android:name="com.xiaomi.mipush.RECEIVE_MESSAGE" />
76-->src\main\AndroidManifest.xml:65:17-76
76-->src\main\AndroidManifest.xml:65:25-73
77            </intent-filter>
78            <intent-filter>
78-->src\main\AndroidManifest.xml:67:13-69:29
79                <action android:name="com.xiaomi.mipush.MESSAGE_ARRIVED" />
79-->src\main\AndroidManifest.xml:68:17-76
79-->src\main\AndroidManifest.xml:68:25-73
80            </intent-filter>
81            <intent-filter>
81-->src\main\AndroidManifest.xml:70:13-72:29
82                <action android:name="com.xiaomi.mipush.ERROR" />
82-->src\main\AndroidManifest.xml:71:17-66
82-->src\main\AndroidManifest.xml:71:25-63
83            </intent-filter>
84        </receiver>
85
86        <!-- 华为推送 -->
87        <service
87-->src\main\AndroidManifest.xml:77:9-83:19
88            android:name="com.dq.im.third_system.HwSystemMessageReceiver"
88-->src\main\AndroidManifest.xml:78:13-65
89            android:exported="false" >
89-->src\main\AndroidManifest.xml:79:13-37
90            <intent-filter>
90-->src\main\AndroidManifest.xml:80:13-82:29
91                <action android:name="com.huawei.push.action.MESSAGING_EVENT" />
91-->src\main\AndroidManifest.xml:81:17-80
91-->src\main\AndroidManifest.xml:81:25-78
92            </intent-filter>
93        </service>
94
95        <meta-data
95-->src\main\AndroidManifest.xml:84:9-86:35
96            android:name="push_kit_auto_init_enabled"
96-->src\main\AndroidManifest.xml:85:13-54
97            android:value="true" />
97-->src\main\AndroidManifest.xml:86:13-33
98
99        <!-- VIVO推送 -->
100
101
102        <!-- Vivo Push需要配置的service、activity -->
103
104        <service
104-->src\main\AndroidManifest.xml:93:9-97:38
105            android:name="com.vivo.push.sdk.service.CommandClientService"
105-->src\main\AndroidManifest.xml:95:13-74
106            android:exported="true" />
106-->src\main\AndroidManifest.xml:97:13-36
107
108        <!-- Vivo Push开放平台中应用的appid 和api key -->
109
110        <meta-data
110-->src\main\AndroidManifest.xml:101:9-105:63
111            android:name="com.vivo.push.api_key"
111-->src\main\AndroidManifest.xml:103:13-49
112            android:value="65ea100c79d4f6ffc0fa995ed3be1bc6" />
112-->src\main\AndroidManifest.xml:105:13-61
113        <meta-data
113-->src\main\AndroidManifest.xml:107:9-111:40
114            android:name="com.vivo.push.app_id"
114-->src\main\AndroidManifest.xml:109:13-48
115            android:value="103494129" />
115-->src\main\AndroidManifest.xml:111:13-38
116
117        <!-- push应用定义消息receiver声明 -->
118
119        <receiver android:name="com.dq.im.third_system.ViVoSystemMessageReceiver" >
119-->src\main\AndroidManifest.xml:116:9-124:20
119-->src\main\AndroidManifest.xml:116:19-73
120            <intent-filter>
120-->src\main\AndroidManifest.xml:118:13-122:29
121
122                <!-- 接收push消息 -->
123                <action android:name="com.vivo.pushclient.action.RECEIVE" />
123-->src\main\AndroidManifest.xml:120:17-81
123-->src\main\AndroidManifest.xml:120:27-76
124            </intent-filter>
125        </receiver>
126
127        <!-- Oppo推送 -->
128        <service
128-->src\main\AndroidManifest.xml:127:9-134:19
129            android:name="com.heytap.msp.push.service.CompatibleDataMessageCallbackService"
129-->src\main\AndroidManifest.xml:128:13-92
130            android:permission="com.coloros.mcs.permission.SEND_MCS_MESSAGE" >
130-->src\main\AndroidManifest.xml:130:13-77
131            <intent-filter>
131-->src\main\AndroidManifest.xml:131:13-133:29
132                <action android:name="com.coloros.mcs.action.RECEIVE_MCS_MESSAGE" />
132-->src\main\AndroidManifest.xml:132:17-84
132-->src\main\AndroidManifest.xml:132:25-82
133            </intent-filter>
134        </service> <!-- 兼容Q以下版本 -->
135
136        <service
136-->src\main\AndroidManifest.xml:136:9-146:19
137            android:name="com.heytap.msp.push.service.DataMessageCallbackService"
137-->src\main\AndroidManifest.xml:137:13-82
138            android:permission="com.heytap.mcs.permission.SEND_PUSH_MESSAGE" >
138-->src\main\AndroidManifest.xml:139:13-77
139            <intent-filter>
139-->src\main\AndroidManifest.xml:141:13-145:29
140                <action android:name="com.heytap.mcs.action.RECEIVE_MCS_MESSAGE" />
140-->src\main\AndroidManifest.xml:142:17-83
140-->src\main\AndroidManifest.xml:142:25-81
141                <action android:name="com.heytap.msp.push.RECEIVE_MCS_MESSAGE" />
141-->src\main\AndroidManifest.xml:144:17-81
141-->src\main\AndroidManifest.xml:144:25-79
142            </intent-filter>
143        </service> <!-- 兼容Q版本 -->
144    </application>
145
146</manifest>